{
  "stats": {
    "suites": 1,
    "tests": 12,
    "passes": 12,
    "pending": 0,
    "failures": 0,
    "start": "2025-11-29T00:16:19.874Z",
    "end": "2025-11-29T00:17:04.758Z",
    "duration": 44884,
    "testsRegistered": 12,
    "passPercent": 100,
    "pendingPercent": 0,
    "other": 0,
    "hasOther": false,
    "skipped": 0,
    "hasSkipped": false
  },
  "results": [
    {
      "uuid": "df680543-3f88-4ac1-9e81-e44587fdc2e2",
      "title": "",
      "fullFile": "cypress/e2e/Test2.cy.ts",
      "file": "cypress/e2e/Test2.cy.ts",
      "beforeHooks": [],
      "afterHooks": [],
      "tests": [],
      "suites": [
        {
          "uuid": "7dfd76f0-6654-4ac1-b88c-0eabb3a764f8",
          "title": "Automation Practice Test Suite",
          "fullFile": "",
          "file": "",
          "beforeHooks": [],
          "afterHooks": [],
          "tests": [
            {
              "title": "should check and uncheck checkboxes",
              "fullTitle": "Automation Practice Test Suite should check and uncheck checkboxes",
              "timedOut": null,
              "duration": 2999,
              "state": "passed",
              "speed": "fast",
              "pass": true,
              "fail": false,
              "pending": false,
              "context": null,
              "code": "// Working with checkboxes\ncy.get(_support_pageObjects_selectors_json__WEBPACK_IMPORTED_MODULE_0__.checkBoxOption1).check().should('be.checked').and('have.value', 'option1').and('have.attr', 'type', 'checkbox'); //check checkbox\ncy.get(_support_pageObjects_selectors_json__WEBPACK_IMPORTED_MODULE_0__.checkBoxOption1).uncheck().should('not.be.checked'); //Uncheck\ncy.get(_support_pageObjects_selectors_json__WEBPACK_IMPORTED_MODULE_0__.checkboxes).check(['option2', 'option3']); // Multiple checkboxes",
              "err": {},
              "uuid": "504c26d5-a9a4-468c-9461-c9fd8156bcc7",
              "parentUUID": "7dfd76f0-6654-4ac1-b88c-0eabb3a764f8",
              "isHook": false,
              "skipped": false
            },
            {
              "title": "should select option from static dropdown",
              "fullTitle": "Automation Practice Test Suite should select option from static dropdown",
              "timedOut": null,
              "duration": 755,
              "state": "passed",
              "speed": "fast",
              "pass": true,
              "fail": false,
              "pending": false,
              "context": null,
              "code": "// Working with Static Dropdowns\ncy.get(_support_pageObjects_selectors_json__WEBPACK_IMPORTED_MODULE_0__.staticDropdown).select('Option2').should('have.value', 'option2');",
              "err": {},
              "uuid": "a9f17e2e-0e44-415a-9943-5d9f76a8b8b4",
              "parentUUID": "7dfd76f0-6654-4ac1-b88c-0eabb3a764f8",
              "isHook": false,
              "skipped": false
            },
            {
              "title": "should select country from dynamic dropdown",
              "fullTitle": "Automation Practice Test Suite should select country from dynamic dropdown",
              "timedOut": null,
              "duration": 1912,
              "state": "passed",
              "speed": "fast",
              "pass": true,
              "fail": false,
              "pending": false,
              "context": null,
              "code": "// Working with Dynamic Dropdowns\ncy.get(_support_pageObjects_selectors_json__WEBPACK_IMPORTED_MODULE_0__.autocomplete).type('Ind');\ncy.get(_support_pageObjects_selectors_json__WEBPACK_IMPORTED_MODULE_0__.dynamicDropdownItems).each(($el, index, $list) => {\n    if ($el.text() === 'India') {\n        cy.wrap($el).click();\n        return false;\n    }\n});\ncy.get(_support_pageObjects_selectors_json__WEBPACK_IMPORTED_MODULE_0__.autocomplete).should('have.value', 'India');",
              "err": {},
              "uuid": "9982f4da-44c4-45d5-9912-289dede2870b",
              "parentUUID": "7dfd76f0-6654-4ac1-b88c-0eabb3a764f8",
              "isHook": false,
              "skipped": false
            },
            {
              "title": "should show and hide textbox",
              "fullTitle": "Automation Practice Test Suite should show and hide textbox",
              "timedOut": null,
              "duration": 1480,
              "state": "passed",
              "speed": "fast",
              "pass": true,
              "fail": false,
              "pending": false,
              "context": null,
              "code": "// Working with Visibility of Elements\ncy.get(_support_pageObjects_selectors_json__WEBPACK_IMPORTED_MODULE_0__.displayedText).should('be.visible');\ncy.get(_support_pageObjects_selectors_json__WEBPACK_IMPORTED_MODULE_0__.hideTextboxBtn).click();\ncy.get(_support_pageObjects_selectors_json__WEBPACK_IMPORTED_MODULE_0__.displayedText).should('not.be.visible');\ncy.get(_support_pageObjects_selectors_json__WEBPACK_IMPORTED_MODULE_0__.showTextboxBtn).click();\ncy.get(_support_pageObjects_selectors_json__WEBPACK_IMPORTED_MODULE_0__.displayedText).should('be.visible');",
              "err": {},
              "uuid": "26284afc-cbf7-47bd-a5e3-38fef2eea4f0",
              "parentUUID": "7dfd76f0-6654-4ac1-b88c-0eabb3a764f8",
              "isHook": false,
              "skipped": false
            },
            {
              "title": "should select radio buttons",
              "fullTitle": "Automation Practice Test Suite should select radio buttons",
              "timedOut": null,
              "duration": 1423,
              "state": "passed",
              "speed": "fast",
              "pass": true,
              "fail": false,
              "pending": false,
              "context": null,
              "code": "// Working with Radio Buttons (it can be checked using check() or click())\ncy.get(_support_pageObjects_selectors_json__WEBPACK_IMPORTED_MODULE_0__.radioButtons).check('radio2').should('be.checked');\ncy.get(_support_pageObjects_selectors_json__WEBPACK_IMPORTED_MODULE_0__.radioOption3).click().should('be.checked');",
              "err": {},
              "uuid": "a3bda60e-31ee-48d6-ada8-1acfe6bb89ef",
              "parentUUID": "7dfd76f0-6654-4ac1-b88c-0eabb3a764f8",
              "isHook": false,
              "skipped": false
            },
            {
              "title": "should handle alert and confirm dialogs",
              "fullTitle": "Automation Practice Test Suite should handle alert and confirm dialogs",
              "timedOut": null,
              "duration": 1745,
              "state": "passed",
              "speed": "fast",
              "pass": true,
              "fail": false,
              "pending": false,
              "context": null,
              "code": "// Working with Alerts\nconst name = 'Saurav';\nconst expectedAlertMsg = `Hello ${name}, share this practice page and share your knowledge`;\nconst expectedConfirmMsg = 'Hello , Are you sure you want to confirm?';\n// Handle Alert\ncy.get(_support_pageObjects_selectors_json__WEBPACK_IMPORTED_MODULE_0__.nameInput).type(name);\ncy.get(_support_pageObjects_selectors_json__WEBPACK_IMPORTED_MODULE_0__.alertBtn).click();\ncy.on('window:alert', (msg) => {\n    expect(msg).to.equal(expectedAlertMsg);\n    return true; // Click OK\n});\n// Handle Confirm - Accept (OK)\ncy.get(_support_pageObjects_selectors_json__WEBPACK_IMPORTED_MODULE_0__.confirmBtn).click();\ncy.on('window:confirm', (msg) => {\n    expect(msg).to.equal(expectedConfirmMsg);\n    return true; // Click OK\n});\n// Handle Confirm - Dismiss (Cancel)\ncy.get(_support_pageObjects_selectors_json__WEBPACK_IMPORTED_MODULE_0__.confirmBtn).click();\ncy.on('window:confirm', (msg) => {\n    expect(msg).to.equal(expectedConfirmMsg);\n    return false; // Click Cancel\n});",
              "err": {},
              "uuid": "b57320ea-bbee-4176-a331-a7356a6a5394",
              "parentUUID": "7dfd76f0-6654-4ac1-b88c-0eabb3a764f8",
              "isHook": false,
              "skipped": false
            },
            {
              "title": "should handle switch tab or child windows",
              "fullTitle": "Automation Practice Test Suite should handle switch tab or child windows",
              "timedOut": null,
              "duration": 15295,
              "state": "passed",
              "speed": "slow",
              "pass": true,
              "fail": false,
              "pending": false,
              "context": null,
              "code": "// Working with switch tab or child window in same tab\ncy.get(_support_pageObjects_selectors_json__WEBPACK_IMPORTED_MODULE_0__.openTabBtn)\n    .invoke('removeAttr', 'target')\n    .click();\n// Redirects to another domain\ncy.origin('https://www.qaclickacademy.com/', () => {\n    cy.url().should('include', 'qaclickacademy');\n    cy.get('li.nav-item a').contains('About us').click();\n    cy.get('div[class=\"section-title mt-50\"] h2').should('have.text', 'Welcome to QAClick Academy ');\n});",
              "err": {},
              "uuid": "7e3e767e-3baf-4692-9100-078c1d3fe971",
              "parentUUID": "7dfd76f0-6654-4ac1-b88c-0eabb3a764f8",
              "isHook": false,
              "skipped": false
            },
            {
              "title": "should handle web tables",
              "fullTitle": "Automation Practice Test Suite should handle web tables",
              "timedOut": null,
              "duration": 1283,
              "state": "passed",
              "speed": "fast",
              "pass": true,
              "fail": false,
              "pending": false,
              "context": null,
              "code": "// Working with web tables\ncy.get(_support_pageObjects_selectors_json__WEBPACK_IMPORTED_MODULE_0__.webTableRows).find(_support_pageObjects_selectors_json__WEBPACK_IMPORTED_MODULE_0__.webTableProductName).each(($el, index, $list) => {\n    const productName = $el.text();\n    if (productName === 'Master Selenium Automation in simple Python Language') {\n        cy.wrap($el).next().then((price) => {\n            const productPrice = price.text();\n            expect(productPrice).to.equal('25');\n        });\n        cy.wrap($el).prev().then((Instructor) => {\n            const productInstructor = Instructor.text();\n            expect(productInstructor).to.equal('Rahul Shetty');\n        });\n        return false; // Exit the each loop\n    }\n});",
              "err": {},
              "uuid": "c713f147-f9da-4462-9c04-15ea3053582d",
              "parentUUID": "7dfd76f0-6654-4ac1-b88c-0eabb3a764f8",
              "isHook": false,
              "skipped": false
            },
            {
              "title": "should handle Mouse hover",
              "fullTitle": "Automation Practice Test Suite should handle Mouse hover",
              "timedOut": null,
              "duration": 1429,
              "state": "passed",
              "speed": "fast",
              "pass": true,
              "fail": false,
              "pending": false,
              "context": null,
              "code": "// Working with mouse over\ncy.get(_support_pageObjects_selectors_json__WEBPACK_IMPORTED_MODULE_0__.mouseHoverContent).invoke('show'); // Force show the hidden div  \ncy.contains('Top').click();\ncy.url().should('include', 'top');",
              "err": {},
              "uuid": "60784291-a331-4e3f-aeff-8bcdece49e05",
              "parentUUID": "7dfd76f0-6654-4ac1-b88c-0eabb3a764f8",
              "isHook": false,
              "skipped": false
            },
            {
              "title": "should handle Switch Window",
              "fullTitle": "Automation Practice Test Suite should handle Switch Window",
              "timedOut": null,
              "duration": 8970,
              "state": "passed",
              "speed": "medium",
              "pass": true,
              "fail": false,
              "pending": false,
              "context": null,
              "code": "// Working with opening new window\ncy.get(_support_pageObjects_selectors_json__WEBPACK_IMPORTED_MODULE_0__.openTabBtn).invoke('attr', 'href').then((url) => {\n    cy.log('URL is: ' + url);\n    expect(url).to.be.a('string');\n    cy.visit(url);\n    cy.url().should('include', 'qaclickacademy');\n});\ncy.origin('https://www.qaclickacademy.com/', () => {\n    cy.contains('Blog').click();\n});",
              "err": {},
              "uuid": "de1bd173-d9a9-4f73-b16e-233220b991ee",
              "parentUUID": "7dfd76f0-6654-4ac1-b88c-0eabb3a764f8",
              "isHook": false,
              "skipped": false
            },
            {
              "title": "@smoke should handle iFrames",
              "fullTitle": "Automation Practice Test Suite @smoke should handle iFrames",
              "timedOut": null,
              "duration": 1494,
              "state": "passed",
              "speed": "fast",
              "pass": true,
              "fail": false,
              "pending": false,
              "context": null,
              "code": "// Working with iFrames\ncy.frameLoaded(_support_pageObjects_selectors_json__WEBPACK_IMPORTED_MODULE_0__.coursesIframe);\ncy.iframe(_support_pageObjects_selectors_json__WEBPACK_IMPORTED_MODULE_0__.coursesIframe)\n    .contains(_support_pageObjects_selectors_json__WEBPACK_IMPORTED_MODULE_0__.iframeMentorship).click();\ncy.iframe(_support_pageObjects_selectors_json__WEBPACK_IMPORTED_MODULE_0__.coursesIframe)\n    .find(_support_pageObjects_selectors_json__WEBPACK_IMPORTED_MODULE_0__.iframePromoText)\n    .should('contain.text', 'Get any 2 courses FREE with Platinum subscription');",
              "err": {},
              "uuid": "87bf1f70-3632-42fb-9896-198d0e761624",
              "parentUUID": "7dfd76f0-6654-4ac1-b88c-0eabb3a764f8",
              "isHook": false,
              "skipped": false
            },
            {
              "title": "@smoke should handle date picker",
              "fullTitle": "Automation Practice Test Suite @smoke should handle date picker",
              "timedOut": null,
              "duration": 3847,
              "state": "passed",
              "speed": "fast",
              "pass": true,
              "fail": false,
              "pending": false,
              "context": null,
              "code": "cy.visit('https://rahulshettyacademy.com/seleniumPractise/#/offers');\n// Select date: 12 November 2026\ncy.selectDate(12, 'November', 2026);",
              "err": {},
              "uuid": "3e47199f-6e13-4b29-bce0-da5b93594afa",
              "parentUUID": "7dfd76f0-6654-4ac1-b88c-0eabb3a764f8",
              "isHook": false,
              "skipped": false
            }
          ],
          "suites": [],
          "passes": [
            "504c26d5-a9a4-468c-9461-c9fd8156bcc7",
            "a9f17e2e-0e44-415a-9943-5d9f76a8b8b4",
            "9982f4da-44c4-45d5-9912-289dede2870b",
            "26284afc-cbf7-47bd-a5e3-38fef2eea4f0",
            "a3bda60e-31ee-48d6-ada8-1acfe6bb89ef",
            "b57320ea-bbee-4176-a331-a7356a6a5394",
            "7e3e767e-3baf-4692-9100-078c1d3fe971",
            "c713f147-f9da-4462-9c04-15ea3053582d",
            "60784291-a331-4e3f-aeff-8bcdece49e05",
            "de1bd173-d9a9-4f73-b16e-233220b991ee",
            "87bf1f70-3632-42fb-9896-198d0e761624",
            "3e47199f-6e13-4b29-bce0-da5b93594afa"
          ],
          "failures": [],
          "pending": [],
          "skipped": [],
          "duration": 42632,
          "root": false,
          "rootEmpty": false,
          "_timeout": 2000
        }
      ],
      "passes": [],
      "failures": [],
      "pending": [],
      "skipped": [],
      "duration": 0,
      "root": true,
      "rootEmpty": true,
      "_timeout": 2000
    }
  ],
  "meta": {
    "mocha": {
      "version": "7.2.0"
    },
    "mochawesome": {
      "options": {
        "quiet": false,
        "reportFilename": "mochawesome",
        "saveHtml": false,
        "saveJson": true,
        "consoleReporter": "spec",
        "useInlineDiffs": false,
        "code": true
      },
      "version": "7.1.4"
    },
    "marge": {
      "options": {
        "reportDir": "cypress/reports/.jsons",
        "charts": true,
        "reportPageTitle": "Cypress Test Report",
        "embeddedScreenshots": true,
        "inlineAssets": true,
        "saveAllAttempts": false,
        "overwrite": false,
        "html": false,
        "json": true
      },
      "version": "6.3.2"
    }
  }
}