{
  "stats": {
    "suites": 1,
    "tests": 6,
    "passes": 6,
    "pending": 0,
    "failures": 0,
    "start": "2025-11-29T00:16:06.260Z",
    "end": "2025-11-29T00:16:17.118Z",
    "duration": 10858,
    "testsRegistered": 6,
    "passPercent": 100,
    "pendingPercent": 0,
    "other": 0,
    "hasOther": false,
    "skipped": 0,
    "hasSkipped": false
  },
  "results": [
    {
      "uuid": "73542752-5ee6-4401-a037-ab9679220f18",
      "title": "",
      "fullFile": "cypress/e2e/Test1.cy.ts",
      "file": "cypress/e2e/Test1.cy.ts",
      "beforeHooks": [],
      "afterHooks": [],
      "tests": [],
      "suites": [
        {
          "uuid": "137d5213-78dd-4418-b3f0-6bb862c53259",
          "title": "My First Test Suite",
          "fullFile": "",
          "file": "",
          "beforeHooks": [],
          "afterHooks": [],
          "tests": [
            {
              "title": "@smoke My First Test Case",
              "fullTitle": "My First Test Suite @smoke My First Test Case",
              "timedOut": null,
              "duration": 4226,
              "state": "passed",
              "speed": "fast",
              "pass": true,
              "fail": false,
              "pending": false,
              "context": null,
              "code": "cy.wait('@productAPI').then(({ response }) => {\n    if (response) {\n        expect(response.statusCode).to.equal(200);\n        expect(response.body[0].name).to.equal('Brocolli - 1 Kg');\n    }\n});",
              "err": {},
              "uuid": "bc0383e7-2d53-4fbf-92e4-2c7ce3826f47",
              "parentUUID": "137d5213-78dd-4418-b3f0-6bb862c53259",
              "isHook": false,
              "skipped": false
            },
            {
              "title": "My Second Test Case",
              "fullTitle": "My First Test Suite My Second Test Case",
              "timedOut": null,
              "duration": 630,
              "state": "passed",
              "speed": "fast",
              "pass": true,
              "fail": false,
              "pending": false,
              "context": null,
              "code": "cy.get(_support_pageObjects_selectors_json__WEBPACK_IMPORTED_MODULE_0__.searchInput).type('ca');\ncy.get(_support_pageObjects_selectors_json__WEBPACK_IMPORTED_MODULE_0__.productsWrapper).should('have.length', 4);",
              "err": {},
              "uuid": "e095f814-5970-4177-9dcb-9954742d1e2c",
              "parentUUID": "137d5213-78dd-4418-b3f0-6bb862c53259",
              "isHook": false,
              "skipped": false
            },
            {
              "title": "My Third Test Case",
              "fullTitle": "My First Test Suite My Third Test Case",
              "timedOut": null,
              "duration": 732,
              "state": "passed",
              "speed": "fast",
              "pass": true,
              "fail": false,
              "pending": false,
              "context": null,
              "code": "cy.get(_support_pageObjects_selectors_json__WEBPACK_IMPORTED_MODULE_0__.searchInput).type('ca');\ncy.get(_support_pageObjects_selectors_json__WEBPACK_IMPORTED_MODULE_0__.productVisible).should('have.length', 4);\ncy.contains(_support_pageObjects_selectors_json__WEBPACK_IMPORTED_MODULE_0__.productName, 'Carrot')\n    .parents('.product')\n    .find('button')\n    .click();",
              "err": {},
              "uuid": "fbab1554-2019-490d-b2ce-472e07399607",
              "parentUUID": "137d5213-78dd-4418-b3f0-6bb862c53259",
              "isHook": false,
              "skipped": false
            },
            {
              "title": "My Fourth Test Case",
              "fullTitle": "My First Test Suite My Fourth Test Case",
              "timedOut": null,
              "duration": 669,
              "state": "passed",
              "speed": "fast",
              "pass": true,
              "fail": false,
              "pending": false,
              "context": null,
              "code": "cy.get(_support_pageObjects_selectors_json__WEBPACK_IMPORTED_MODULE_0__.searchInput).type('ca');\ncy.get(_support_pageObjects_selectors_json__WEBPACK_IMPORTED_MODULE_0__.productVisible).should('have.length', 4);\ncy.get(_support_pageObjects_selectors_json__WEBPACK_IMPORTED_MODULE_0__.productsWrapper).each(($el, index, $list) => {\n    const productName = $el.find(_support_pageObjects_selectors_json__WEBPACK_IMPORTED_MODULE_0__.productName).text();\n    if (productName.includes('Carrot')) {\n        cy.wrap($el).find(_support_pageObjects_selectors_json__WEBPACK_IMPORTED_MODULE_0__.productAction).click();\n    }\n});",
              "err": {},
              "uuid": "7d85c680-6d29-48cc-91c5-905cc176b297",
              "parentUUID": "137d5213-78dd-4418-b3f0-6bb862c53259",
              "isHook": false,
              "skipped": false
            },
            {
              "title": "My Fifth Test Case",
              "fullTitle": "My First Test Suite My Fifth Test Case",
              "timedOut": null,
              "duration": 323,
              "state": "passed",
              "speed": "fast",
              "pass": true,
              "fail": false,
              "pending": false,
              "context": null,
              "code": "cy.get(_support_pageObjects_selectors_json__WEBPACK_IMPORTED_MODULE_0__.brandLogo).should('have.text', 'GREENKART');",
              "err": {},
              "uuid": "4ca71324-63a9-4afa-9b48-f1e24023fe1b",
              "parentUUID": "137d5213-78dd-4418-b3f0-6bb862c53259",
              "isHook": false,
              "skipped": false
            },
            {
              "title": "@smoke My Sixth Test Case",
              "fullTitle": "My First Test Suite @smoke My Sixth Test Case",
              "timedOut": null,
              "duration": 1682,
              "state": "passed",
              "speed": "fast",
              "pass": true,
              "fail": false,
              "pending": false,
              "context": null,
              "code": "cy.get(_support_pageObjects_selectors_json__WEBPACK_IMPORTED_MODULE_0__.searchInput).type('Berry');\ncy.contains(_support_pageObjects_selectors_json__WEBPACK_IMPORTED_MODULE_0__.productName, 'Strawberry')\n    .parents('.product')\n    .find(_support_pageObjects_selectors_json__WEBPACK_IMPORTED_MODULE_0__.productAction)\n    .click();\ncy.get(_support_pageObjects_selectors_json__WEBPACK_IMPORTED_MODULE_0__.cartIcon).click();\ncy.contains('PROCEED TO CHECKOUT').click();\ncy.contains('Place Order').click();\ncy.get(_support_pageObjects_selectors_json__WEBPACK_IMPORTED_MODULE_0__.countryDropdown).select('India');\ncy.get(_support_pageObjects_selectors_json__WEBPACK_IMPORTED_MODULE_0__.termsCheckbox).check();\ncy.contains('Proceed').click();\ncy.get(_support_pageObjects_selectors_json__WEBPACK_IMPORTED_MODULE_0__.successMessage).should('have.text', 'Thank you, your order has been placed successfully  You\\'ll be redirected to Home page shortly!!');",
              "err": {},
              "uuid": "f6d5af65-1c08-4d42-8118-e5a7616313cf",
              "parentUUID": "137d5213-78dd-4418-b3f0-6bb862c53259",
              "isHook": false,
              "skipped": false
            }
          ],
          "suites": [],
          "passes": [
            "bc0383e7-2d53-4fbf-92e4-2c7ce3826f47",
            "e095f814-5970-4177-9dcb-9954742d1e2c",
            "fbab1554-2019-490d-b2ce-472e07399607",
            "7d85c680-6d29-48cc-91c5-905cc176b297",
            "4ca71324-63a9-4afa-9b48-f1e24023fe1b",
            "f6d5af65-1c08-4d42-8118-e5a7616313cf"
          ],
          "failures": [],
          "pending": [],
          "skipped": [],
          "duration": 8262,
          "root": false,
          "rootEmpty": false,
          "_timeout": 2000
        }
      ],
      "passes": [],
      "failures": [],
      "pending": [],
      "skipped": [],
      "duration": 0,
      "root": true,
      "rootEmpty": true,
      "_timeout": 2000
    }
  ],
  "meta": {
    "mocha": {
      "version": "7.2.0"
    },
    "mochawesome": {
      "options": {
        "quiet": false,
        "reportFilename": "mochawesome",
        "saveHtml": false,
        "saveJson": true,
        "consoleReporter": "spec",
        "useInlineDiffs": false,
        "code": true
      },
      "version": "7.1.4"
    },
    "marge": {
      "options": {
        "reportDir": "cypress/reports/.jsons",
        "charts": true,
        "reportPageTitle": "Cypress Test Report",
        "embeddedScreenshots": true,
        "inlineAssets": true,
        "saveAllAttempts": false,
        "overwrite": false,
        "html": false,
        "json": true
      },
      "version": "6.3.2"
    }
  }
}